c:\dev\opengl\opengl\debug\vc143.pdb
c:\dev\opengl\opengl\debug\vc143.idb
c:\dev\opengl\opengl\debug\vertexbuffer.obj
c:\dev\opengl\opengl\debug\transform.obj
c:\dev\opengl\opengl\debug\test.obj
c:\dev\opengl\opengl\debug\camera2dtest.obj
c:\dev\opengl\opengl\debug\templatemodel.obj
c:\dev\opengl\opengl\debug\indexbuffer.obj
c:\dev\opengl\opengl\debug\mvptest.obj
c:\dev\opengl\opengl\debug\main.obj
c:\dev\opengl\opengl\debug\vertexarray.obj
c:\dev\opengl\opengl\debug\texture.obj
c:\dev\opengl\opengl\debug\shader.obj
c:\dev\opengl\opengl\debug\renderer.obj
c:\dev\opengl\opengl\debug\camera2d.obj
c:\dev\opengl\opengl\debug\stb_image.obj
c:\dev\opengl\opengl\debug\imgui_widgets.obj
c:\dev\opengl\opengl\debug\imgui_tables.obj
c:\dev\opengl\opengl\debug\imgui_impl_opengl3.obj
c:\dev\opengl\opengl\debug\imgui_impl_glfw.obj
c:\dev\opengl\opengl\debug\imgui_draw.obj
c:\dev\opengl\opengl\debug\imgui_demo.obj
c:\dev\opengl\opengl\debug\imgui.obj
c:\dev\opengl\opengl\debug\glm.obj
c:\dev\opengl\opengl\debug\vertexbuffer.h.ifc
c:\dev\opengl\opengl\debug\vertexbuffer.h.ifc.d.json
c:\dev\opengl\opengl\debug\vertexbuffer.h.obj
c:\dev\opengl\opengl\debug\mvptest.h.ifc
c:\dev\opengl\opengl\debug\mvptest.h.ifc.d.json
c:\dev\opengl\opengl\debug\mvptest.h.obj
c:\dev\opengl\opengl\debug\vertexbuffer.h.module.json
c:\dev\opengl\opengl\debug\mvptest.h.module.json
c:\dev\opengl\opengl\debug\opengl.pdb
c:\dev\opengl\opengl\debug\opengl.tlog\cl.command.1.tlog
c:\dev\opengl\opengl\debug\opengl.tlog\cl.read.1.tlog
c:\dev\opengl\opengl\debug\opengl.tlog\cl.write.1.tlog
c:\dev\opengl\opengl\debug\opengl.tlog\link-cvtres.read.1.tlog
c:\dev\opengl\opengl\debug\opengl.tlog\link-cvtres.write.1.tlog
c:\dev\opengl\opengl\debug\opengl.tlog\link-rc.read.1.tlog
c:\dev\opengl\opengl\debug\opengl.tlog\link-rc.write.1.tlog
c:\dev\opengl\opengl\debug\opengl.tlog\link.command.1.tlog
c:\dev\opengl\opengl\debug\opengl.tlog\link.read.1.tlog
c:\dev\opengl\opengl\debug\opengl.tlog\link.write.1.tlog
c:\dev\opengl\opengl\debug\opengl_md.tlog\cl.command.1.tlog
c:\dev\opengl\opengl\debug\opengl_md.tlog\microsoft.build.cpptasks.cl.read.1.tlog
c:\dev\opengl\opengl\debug\opengl_md.tlog\microsoft.build.cpptasks.cl.write.1.tlog
